<?xml version="1.0" encoding="UTF-8"?>
<testng-results skipped="0" failed="0" ignored="0" total="1" passed="1">
  <reporter-output>
  </reporter-output>
  <suite name="Default suite" duration-ms="20330" started-at="2021-05-11T16:23:57 CDT" finished-at="2021-05-11T16:24:17 CDT">
    <groups>
    </groups>
    <test name="Default test" duration-ms="20330" started-at="2021-05-11T16:23:57 CDT" finished-at="2021-05-11T16:24:17 CDT">
      <class name="testngclass.assignment_3">
        <test-method status="PASS" signature="init()[pri:0, instance:testngclass.assignment_3@1877ab81]" name="init" is-config="true" duration-ms="15087" started-at="2021-05-11T16:23:57 CDT" finished-at="2021-05-11T16:24:12 CDT">
          <reporter-output>
          </reporter-output>
        </test-method> <!-- init -->
        <test-method status="PASS" signature="addCustomer()[pri:0, instance:testngclass.assignment_3@1877ab81]" name="addCustomer" duration-ms="5207" started-at="2021-05-11T16:24:12 CDT" finished-at="2021-05-11T16:24:17 CDT">
          <reporter-output>
          </reporter-output>
        </test-method> <!-- addCustomer -->
      </class> <!-- testngclass.assignment_3 -->
    </test> <!-- Default test -->
  </suite> <!-- Default suite -->
</testng-results>
